<?xml version="1.0" encoding="UTF-8"?>
<!-- Generated by org.testng.reporters.JUnitXMLReporter -->
<testsuite hostname="VLDEVVM03" name="Surefire test" tests="4" failures="0" timestamp="8 Nov 2019 06:19:26 GMT" time="0.029" errors="0">
  <testcase name="@BeforeClass setUp" time="0.0" classname="com.quore.qa.testcases.LoginPageTest">
    <failure type="java.lang.NullPointerException">
      <![CDATA[java.lang.NullPointerException
	at com.quore.qa.base.TestBase.initialization(TestBase.java:74)
	at com.quore.qa.testcases.LoginPageTest.setUp(LoginPageTest.java:26)
... Removed 28 stack frames]]>
    </failure>
  </testcase> <!-- @BeforeClass setUp -->
  <testcase name="@AfterMethod flush" time="0.0" classname="com.quore.qa.testcases.LoginPageTest">
    <skipped/>
  </testcase> <!-- @AfterMethod flush -->
  <testcase name="@AfterMethod flush" time="0.0" classname="com.quore.qa.testcases.LoginPageTest">
    <skipped/>
  </testcase> <!-- @AfterMethod flush -->
  <testcase name="@AfterMethod flush" time="0.0" classname="com.quore.qa.testcases.LoginPageTest">
    <skipped/>
  </testcase> <!-- @AfterMethod flush -->
  <testcase name="@AfterMethod flush" time="0.0" classname="com.quore.qa.testcases.LoginPageTest">
    <skipped/>
  </testcase> <!-- @AfterMethod flush -->
  <testcase name="@AfterClass tearDown" time="0.0" classname="com.quore.qa.testcases.LoginPageTest">
    <skipped/>
  </testcase> <!-- @AfterClass tearDown -->
  <testcase name="@AfterClass tearDown" time="0.0" classname="com.quore.qa.testcases.LoginPageTest">
    <skipped/>
  </testcase> <!-- @AfterClass tearDown -->
  <testcase name="invalidUserName" time="0.001" classname="com.quore.qa.testcases.LoginPageTest">
    <skipped/>
  </testcase> <!-- invalidUserName -->
  <testcase name="invalidPassword" time="0.0" classname="com.quore.qa.testcases.LoginPageTest">
    <skipped/>
  </testcase> <!-- invalidPassword -->
  <testcase name="invalidLogin" time="0.0" classname="com.quore.qa.testcases.LoginPageTest">
    <skipped/>
  </testcase> <!-- invalidLogin -->
  <testcase name="validLogin" time="0.0" classname="com.quore.qa.testcases.LoginPageTest">
    <skipped/>
  </testcase> <!-- validLogin -->
</testsuite> <!-- Surefire test -->
