<?xml version="1.0" encoding="UTF-8"?>
<testsuite xmlns:xsi="http://www.w3.org/2001/XMLSchema-instance" xsi:schemaLocation="https://maven.apache.org/surefire/maven-surefire-plugin/xsd/surefire-test-report.xsd" name="com.quore.qa.testcases.LoginPageTest" time="0.812" tests="11" errors="0" skipped="10" failures="1">
  <properties>
[...]
</properties>
  <testcase name="setUp" classname="com.quore.qa.testcases.LoginPageTest" time="0.563">
    <failure type="java.lang.NullPointerException">java.lang.NullPointerException
	at com.quore.qa.testcases.LoginPageTest.setUp(LoginPageTest.java:26)
</failure>
    <system-err><![CDATA[java.io.FileNotFoundException: C:\Users\Rajesh\Downloads\Quore\src\main\java\com\herokuapp\qa\config\config.properties (The system cannot find the path specified)
	at java.io.FileInputStream.open0(Native Method)
	at java.io.FileInputStream.open(FileInputStream.java:195)
	at java.io.FileInputStream.<init>(FileInputStream.java:138)
	at java.io.FileInputStream.<init>(FileInputStream.java:93)
	at com.quore.qa.base.TestBase.<init>(TestBase.java:38)
	at com.quore.qa.testcases.LoginPageTest.<init>(LoginPageTest.java:20)
	at sun.reflect.NativeConstructorAccessorImpl.newInstance0(Native Method)
	at sun.reflect.NativeConstructorAccessorImpl.newInstance(NativeConstructorAccessorImpl.java:62)
	at sun.reflect.DelegatingConstructorAccessorImpl.newInstance(DelegatingConstructorAccessorImpl.java:45)
	at java.lang.reflect.Constructor.newInstance(Constructor.java:423)
	at org.testng.internal.ObjectFactoryImpl.newInstance(ObjectFactoryImpl.java:29)
	at org.testng.internal.ClassHelper.createInstance1(ClassHelper.java:377)
	at org.testng.internal.ClassHelper.createInstance(ClassHelper.java:290)
	at org.testng.internal.ClassImpl.getDefaultInstance(ClassImpl.java:125)
	at org.testng.internal.ClassImpl.getInstances(ClassImpl.java:190)
	at org.testng.internal.TestNGClassFinder.<init>(TestNGClassFinder.java:130)
	at org.testng.TestRunner.initMethods(TestRunner.java:424)
	at org.testng.TestRunner.init(TestRunner.java:247)
	at org.testng.TestRunner.init(TestRunner.java:217)
	at org.testng.TestRunner.<init>(TestRunner.java:161)
	at org.testng.SuiteRunner$DefaultTestRunnerFactory.newTestRunner(SuiteRunner.java:556)
	at org.testng.SuiteRunner.init(SuiteRunner.java:168)
	at org.testng.SuiteRunner.<init>(SuiteRunner.java:117)
	at org.testng.TestNG.createSuiteRunner(TestNG.java:1319)
	at org.testng.TestNG.createSuiteRunners(TestNG.java:1306)
	at org.testng.TestNG.runSuitesLocally(TestNG.java:1160)
	at org.testng.TestNG.run(TestNG.java:1064)
	at org.apache.maven.surefire.testng.TestNGExecutor.run(TestNGExecutor.java:132)
	at org.apache.maven.surefire.testng.TestNGDirectoryTestSuite.executeSingleClass(TestNGDirectoryTestSuite.java:112)
	at org.apache.maven.surefire.testng.TestNGDirectoryTestSuite.execute(TestNGDirectoryTestSuite.java:99)
	at org.apache.maven.surefire.testng.TestNGProvider.invoke(TestNGProvider.java:147)
	at org.apache.maven.surefire.booter.ForkedBooter.invokeProviderInSameClassLoader(ForkedBooter.java:290)
	at org.apache.maven.surefire.booter.ForkedBooter.runSuitesInProcess(ForkedBooter.java:242)
	at org.apache.maven.surefire.booter.ForkedBooter.main(ForkedBooter.java:121)
]]></system-err>
  </testcase>
  <testcase name="invalidUserName" classname="com.quore.qa.testcases.LoginPageTest" time="0">
    <skipped/>
  </testcase>
  <testcase name="flush" classname="com.quore.qa.testcases.LoginPageTest" time="0">
    <skipped/>
  </testcase>
  <testcase name="flush" classname="com.quore.qa.testcases.LoginPageTest" time="0">
    <skipped/>
  </testcase>
  <testcase name="flush" classname="com.quore.qa.testcases.LoginPageTest" time="0">
    <skipped/>
  </testcase>
  <testcase name="flush" classname="com.quore.qa.testcases.LoginPageTest" time="0">
    <skipped/>
  </testcase>
  <testcase name="invalidPassword" classname="com.quore.qa.testcases.LoginPageTest" time="0">
    <skipped/>
  </testcase>
  <testcase name="invalidLogin" classname="com.quore.qa.testcases.LoginPageTest" time="0">
    <skipped/>
  </testcase>
  <testcase name="validLogin" classname="com.quore.qa.testcases.LoginPageTest" time="0">
    <skipped/>
  </testcase>
  <testcase name="tearDown" classname="com.quore.qa.testcases.LoginPageTest" time="0">
    <skipped/>
  </testcase>
  <testcase name="tearDown" classname="com.quore.qa.testcases.LoginPageTest" time="0">
    <skipped/>
  </testcase>
</testsuite>