<?xml version="1.0" encoding="UTF-8"?>
<testng-results skipped="4" failed="0" total="4" passed="0">
  <reporter-output>
  </reporter-output>
  <suite name="Surefire suite" duration-ms="29" started-at="2019-11-08T06:19:26Z" finished-at="2019-11-08T06:19:26Z">
    <groups>
    </groups>
    <test name="Surefire test" duration-ms="29" started-at="2019-11-08T06:19:26Z" finished-at="2019-11-08T06:19:26Z">
      <class name="com.quore.qa.testcases.LoginPageTest">
        <test-method status="PASS" signature="executeSuite()[pri:0, instance:com.quore.qa.testcases.LoginPageTest@17550481]" name="executeSuite" is-config="true" duration-ms="248" started-at="2019-11-08T06:19:26Z" finished-at="2019-11-08T06:19:26Z">
          <reporter-output>
          </reporter-output>
        </test-method> <!-- executeSuite -->
        <test-method status="FAIL" signature="setUp()[pri:0, instance:com.quore.qa.testcases.LoginPageTest@17550481]" name="setUp" is-config="true" duration-ms="0" started-at="2019-11-08T06:19:26Z" finished-at="2019-11-08T06:19:26Z">
          <exception class="java.lang.NullPointerException">
            <full-stacktrace>
              <![CDATA[java.lang.NullPointerException
	at com.quore.qa.base.TestBase.initialization(TestBase.java:74)
	at com.quore.qa.testcases.LoginPageTest.setUp(LoginPageTest.java:26)
	at sun.reflect.NativeMethodAccessorImpl.invoke0(Native Method)
	at sun.reflect.NativeMethodAccessorImpl.invoke(NativeMethodAccessorImpl.java:62)
	at sun.reflect.DelegatingMethodAccessorImpl.invoke(DelegatingMethodAccessorImpl.java:43)
	at java.lang.reflect.Method.invoke(Method.java:498)
	at org.testng.internal.MethodInvocationHelper.invokeMethod(MethodInvocationHelper.java:86)
	at org.testng.internal.Invoker.invokeConfigurationMethod(Invoker.java:514)
	at org.testng.internal.Invoker.invokeConfigurations(Invoker.java:215)
	at org.testng.internal.Invoker.invokeConfigurations(Invoker.java:142)
	at org.testng.internal.TestMethodWorker.invokeBeforeClassMethods(TestMethodWorker.java:178)
	at org.testng.internal.TestMethodWorker.run(TestMethodWorker.java:108)
	at org.testng.TestRunner.privateRun(TestRunner.java:782)
	at org.testng.TestRunner.run(TestRunner.java:632)
	at org.testng.SuiteRunner.runTest(SuiteRunner.java:366)
	at org.testng.SuiteRunner.runSequentially(SuiteRunner.java:361)
	at org.testng.SuiteRunner.privateRun(SuiteRunner.java:319)
	at org.testng.SuiteRunner.run(SuiteRunner.java:268)
	at org.testng.SuiteRunnerWorker.runSuite(SuiteRunnerWorker.java:52)
	at org.testng.SuiteRunnerWorker.run(SuiteRunnerWorker.java:86)
	at org.testng.TestNG.runSuitesSequentially(TestNG.java:1244)
	at org.testng.TestNG.runSuitesLocally(TestNG.java:1169)
	at org.testng.TestNG.run(TestNG.java:1064)
	at org.apache.maven.surefire.testng.TestNGExecutor.run(TestNGExecutor.java:132)
	at org.apache.maven.surefire.testng.TestNGDirectoryTestSuite.executeSingleClass(TestNGDirectoryTestSuite.java:112)
	at org.apache.maven.surefire.testng.TestNGDirectoryTestSuite.execute(TestNGDirectoryTestSuite.java:99)
	at org.apache.maven.surefire.testng.TestNGProvider.invoke(TestNGProvider.java:147)
	at org.apache.maven.surefire.booter.ForkedBooter.invokeProviderInSameClassLoader(ForkedBooter.java:290)
	at org.apache.maven.surefire.booter.ForkedBooter.runSuitesInProcess(ForkedBooter.java:242)
	at org.apache.maven.surefire.booter.ForkedBooter.main(ForkedBooter.java:121)
]]>
            </full-stacktrace>
          </exception> <!-- java.lang.NullPointerException -->
          <reporter-output>
          </reporter-output>
        </test-method> <!-- setUp -->
        <test-method status="SKIP" signature="invalidUserName()[pri:1, instance:com.quore.qa.testcases.LoginPageTest@17550481]" name="invalidUserName" duration-ms="1" started-at="2019-11-08T06:19:26Z" finished-at="2019-11-08T06:19:26Z">
          <reporter-output>
          </reporter-output>
        </test-method> <!-- invalidUserName -->
        <test-method status="SKIP" signature="flush()[pri:0, instance:com.quore.qa.testcases.LoginPageTest@17550481]" name="flush" is-config="true" duration-ms="0" started-at="2019-11-08T06:19:26Z" finished-at="2019-11-08T06:19:26Z">
          <reporter-output>
          </reporter-output>
        </test-method> <!-- flush -->
        <test-method status="SKIP" signature="invalidPassword()[pri:2, instance:com.quore.qa.testcases.LoginPageTest@17550481]" name="invalidPassword" duration-ms="0" started-at="2019-11-08T06:19:26Z" finished-at="2019-11-08T06:19:26Z">
          <reporter-output>
          </reporter-output>
        </test-method> <!-- invalidPassword -->
        <test-method status="SKIP" signature="flush()[pri:0, instance:com.quore.qa.testcases.LoginPageTest@17550481]" name="flush" is-config="true" duration-ms="0" started-at="2019-11-08T06:19:26Z" finished-at="2019-11-08T06:19:26Z">
          <reporter-output>
          </reporter-output>
        </test-method> <!-- flush -->
        <test-method status="SKIP" signature="invalidLogin()[pri:3, instance:com.quore.qa.testcases.LoginPageTest@17550481]" name="invalidLogin" duration-ms="0" started-at="2019-11-08T06:19:26Z" finished-at="2019-11-08T06:19:26Z">
          <reporter-output>
          </reporter-output>
        </test-method> <!-- invalidLogin -->
        <test-method status="SKIP" signature="validLogin()[pri:4, instance:com.quore.qa.testcases.LoginPageTest@17550481]" name="validLogin" duration-ms="0" started-at="2019-11-08T06:19:26Z" finished-at="2019-11-08T06:19:26Z">
          <reporter-output>
          </reporter-output>
        </test-method> <!-- validLogin -->
        <test-method status="SKIP" signature="flush()[pri:0, instance:com.quore.qa.testcases.LoginPageTest@17550481]" name="flush" is-config="true" duration-ms="0" started-at="2019-11-08T06:19:26Z" finished-at="2019-11-08T06:19:26Z">
          <reporter-output>
          </reporter-output>
        </test-method> <!-- flush -->
        <test-method status="SKIP" signature="flush()[pri:0, instance:com.quore.qa.testcases.LoginPageTest@17550481]" name="flush" is-config="true" duration-ms="0" started-at="2019-11-08T06:19:26Z" finished-at="2019-11-08T06:19:26Z">
          <reporter-output>
          </reporter-output>
        </test-method> <!-- flush -->
        <test-method status="SKIP" signature="tearDown(org.testng.ITestContext)[pri:0, instance:com.quore.qa.testcases.LoginPageTest@17550481]" name="tearDown" is-config="true" duration-ms="0" started-at="2019-11-08T06:19:26Z" finished-at="2019-11-08T06:19:26Z">
          <reporter-output>
          </reporter-output>
        </test-method> <!-- tearDown -->
        <test-method status="SKIP" signature="tearDown()[pri:0, instance:com.quore.qa.testcases.LoginPageTest@17550481]" name="tearDown" is-config="true" duration-ms="0" started-at="2019-11-08T06:19:26Z" finished-at="2019-11-08T06:19:26Z">
          <reporter-output>
          </reporter-output>
        </test-method> <!-- tearDown -->
      </class> <!-- com.quore.qa.testcases.LoginPageTest -->
    </test> <!-- Surefire test -->
  </suite> <!-- Surefire suite -->
</testng-results>
