<?xml version="1.0" encoding="UTF-8"?>
<testng-results skipped="4" failed="0" total="4" passed="0">
  <reporter-output>
  </reporter-output>
  <suite name="FREE CRM Application Test Automation Test Suite" duration-ms="146" started-at="2019-11-08T06:31:55Z" finished-at="2019-11-08T06:31:55Z">
    <groups>
    </groups>
    <test name="Free CRM App Test Cases" duration-ms="146" started-at="2019-11-08T06:31:55Z" finished-at="2019-11-08T06:31:55Z">
      <class name="com.quore.qa.testcases.LoginPageTest">
        <test-method status="PASS" signature="executeSuite()[pri:0, instance:com.quore.qa.testcases.LoginPageTest@7c75222b]" name="executeSuite" is-config="true" duration-ms="262" started-at="2019-11-08T06:31:54Z" finished-at="2019-11-08T06:31:55Z">
          <reporter-output>
          </reporter-output>
        </test-method> <!-- executeSuite -->
        <test-method status="FAIL" signature="setUp()[pri:0, instance:com.quore.qa.testcases.LoginPageTest@7c75222b]" name="setUp" is-config="true" duration-ms="0" started-at="2019-11-08T06:31:55Z" finished-at="2019-11-08T06:31:55Z">
          <exception class="java.lang.IllegalStateException">
            <message>
              <![CDATA[The driver executable does not exist: C:\Users\Rajesh\Downloads\Quore\Drivers\chromedriver.exe]]>
            </message>
            <full-stacktrace>
              <![CDATA[java.lang.IllegalStateException: The driver executable does not exist: C:\Users\Rajesh\Downloads\Quore\Drivers\chromedriver.exe
	at com.google.common.base.Preconditions.checkState(Preconditions.java:585)
	at org.openqa.selenium.remote.service.DriverService.checkExecutable(DriverService.java:136)
	at org.openqa.selenium.remote.service.DriverService.findExecutable(DriverService.java:131)
	at org.openqa.selenium.chrome.ChromeDriverService.access$000(ChromeDriverService.java:32)
	at org.openqa.selenium.chrome.ChromeDriverService$Builder.findDefaultExecutable(ChromeDriverService.java:137)
	at org.openqa.selenium.remote.service.DriverService$Builder.build(DriverService.java:339)
	at org.openqa.selenium.chrome.ChromeDriverService.createDefaultService(ChromeDriverService.java:88)
	at org.openqa.selenium.chrome.ChromeDriver.<init>(ChromeDriver.java:123)
	at com.quore.qa.base.TestBase.initialization(TestBase.java:76)
	at com.quore.qa.testcases.LoginPageTest.setUp(LoginPageTest.java:26)
	at sun.reflect.NativeMethodAccessorImpl.invoke0(Native Method)
	at sun.reflect.NativeMethodAccessorImpl.invoke(NativeMethodAccessorImpl.java:62)
	at sun.reflect.DelegatingMethodAccessorImpl.invoke(DelegatingMethodAccessorImpl.java:43)
	at java.lang.reflect.Method.invoke(Method.java:498)
	at org.testng.internal.MethodInvocationHelper.invokeMethod(MethodInvocationHelper.java:86)
	at org.testng.internal.Invoker.invokeConfigurationMethod(Invoker.java:514)
	at org.testng.internal.Invoker.invokeConfigurations(Invoker.java:215)
	at org.testng.internal.Invoker.invokeConfigurations(Invoker.java:142)
	at org.testng.internal.TestMethodWorker.invokeBeforeClassMethods(TestMethodWorker.java:178)
	at org.testng.internal.TestMethodWorker.run(TestMethodWorker.java:108)
	at org.testng.TestRunner.privateRun(TestRunner.java:782)
	at org.testng.TestRunner.run(TestRunner.java:632)
	at org.testng.SuiteRunner.runTest(SuiteRunner.java:366)
	at org.testng.SuiteRunner.runSequentially(SuiteRunner.java:361)
	at org.testng.SuiteRunner.privateRun(SuiteRunner.java:319)
	at org.testng.SuiteRunner.run(SuiteRunner.java:268)
	at org.testng.SuiteRunnerWorker.runSuite(SuiteRunnerWorker.java:52)
	at org.testng.SuiteRunnerWorker.run(SuiteRunnerWorker.java:86)
	at org.testng.TestNG.runSuitesSequentially(TestNG.java:1244)
	at org.testng.TestNG.runSuitesLocally(TestNG.java:1169)
	at org.testng.TestNG.run(TestNG.java:1064)
	at org.testng.remote.RemoteTestNG.run(RemoteTestNG.java:113)
	at org.testng.remote.RemoteTestNG.initAndRun(RemoteTestNG.java:206)
	at org.testng.remote.RemoteTestNG.main(RemoteTestNG.java:177)
]]>
            </full-stacktrace>
          </exception> <!-- java.lang.IllegalStateException -->
          <reporter-output>
          </reporter-output>
        </test-method> <!-- setUp -->
        <test-method status="SKIP" signature="invalidUserName()[pri:1, instance:com.quore.qa.testcases.LoginPageTest@7c75222b]" name="invalidUserName" duration-ms="2" started-at="2019-11-08T06:31:55Z" finished-at="2019-11-08T06:31:55Z">
          <reporter-output>
          </reporter-output>
        </test-method> <!-- invalidUserName -->
        <test-method status="SKIP" signature="flush()[pri:0, instance:com.quore.qa.testcases.LoginPageTest@7c75222b]" name="flush" is-config="true" duration-ms="0" started-at="2019-11-08T06:31:55Z" finished-at="2019-11-08T06:31:55Z">
          <reporter-output>
          </reporter-output>
        </test-method> <!-- flush -->
        <test-method status="SKIP" signature="invalidPassword()[pri:2, instance:com.quore.qa.testcases.LoginPageTest@7c75222b]" name="invalidPassword" duration-ms="5" started-at="2019-11-08T06:31:55Z" finished-at="2019-11-08T06:31:55Z">
          <reporter-output>
          </reporter-output>
        </test-method> <!-- invalidPassword -->
        <test-method status="SKIP" signature="flush()[pri:0, instance:com.quore.qa.testcases.LoginPageTest@7c75222b]" name="flush" is-config="true" duration-ms="0" started-at="2019-11-08T06:31:55Z" finished-at="2019-11-08T06:31:55Z">
          <reporter-output>
          </reporter-output>
        </test-method> <!-- flush -->
        <test-method status="SKIP" signature="invalidLogin()[pri:3, instance:com.quore.qa.testcases.LoginPageTest@7c75222b]" name="invalidLogin" duration-ms="1" started-at="2019-11-08T06:31:55Z" finished-at="2019-11-08T06:31:55Z">
          <reporter-output>
          </reporter-output>
        </test-method> <!-- invalidLogin -->
        <test-method status="SKIP" signature="flush()[pri:0, instance:com.quore.qa.testcases.LoginPageTest@7c75222b]" name="flush" is-config="true" duration-ms="0" started-at="2019-11-08T06:31:55Z" finished-at="2019-11-08T06:31:55Z">
          <reporter-output>
          </reporter-output>
        </test-method> <!-- flush -->
        <test-method status="SKIP" signature="validLogin()[pri:4, instance:com.quore.qa.testcases.LoginPageTest@7c75222b]" name="validLogin" duration-ms="2" started-at="2019-11-08T06:31:55Z" finished-at="2019-11-08T06:31:55Z">
          <reporter-output>
          </reporter-output>
        </test-method> <!-- validLogin -->
        <test-method status="SKIP" signature="flush()[pri:0, instance:com.quore.qa.testcases.LoginPageTest@7c75222b]" name="flush" is-config="true" duration-ms="0" started-at="2019-11-08T06:31:55Z" finished-at="2019-11-08T06:31:55Z">
          <reporter-output>
          </reporter-output>
        </test-method> <!-- flush -->
        <test-method status="SKIP" signature="tearDown()[pri:0, instance:com.quore.qa.testcases.LoginPageTest@7c75222b]" name="tearDown" is-config="true" duration-ms="0" started-at="2019-11-08T06:31:55Z" finished-at="2019-11-08T06:31:55Z">
          <reporter-output>
          </reporter-output>
        </test-method> <!-- tearDown -->
        <test-method status="SKIP" signature="tearDown(org.testng.ITestContext)[pri:0, instance:com.quore.qa.testcases.LoginPageTest@7c75222b]" name="tearDown" is-config="true" duration-ms="0" started-at="2019-11-08T06:31:55Z" finished-at="2019-11-08T06:31:55Z">
          <reporter-output>
          </reporter-output>
        </test-method> <!-- tearDown -->
      </class> <!-- com.quore.qa.testcases.LoginPageTest -->
    </test> <!-- Free CRM App Test Cases -->
  </suite> <!-- FREE CRM Application Test Automation Test Suite -->
</testng-results>
